<?xml version="1.0" encoding="UTF-8"?>
<testsuite xmlns:xsi="http://www.w3.org/2001/XMLSchema-instance" xsi:schemaLocation="https://maven.apache.org/surefire/maven-surefire-plugin/xsd/surefire-test-report.xsd" name="co.com.proyectobase.screenplay.runners.RunnerTags" time="1.764" tests="1" errors="1" skipped="0" failures="0">
  <properties>
    <property name="java.runtime.name" value="Java(TM) SE Runtime Environment"/>
    <property name="sun.boot.library.path" value="C:\Program Files\Java\jdk1.8.0_131\jre\bin"/>
    <property name="java.vm.version" value="25.131-b11"/>
    <property name="java.vm.vendor" value="Oracle Corporation"/>
    <property name="maven.multiModuleProjectDirectory" value="D:\Mis documentos\co.com.proyectobase.screenplay (1)\co.com.proyectobase.screenplay"/>
    <property name="java.vendor.url" value="http://java.oracle.com/"/>
    <property name="path.separator" value=";"/>
    <property name="guice.disable.misplaced.annotation.check" value="true"/>
    <property name="java.vm.name" value="Java HotSpot(TM) 64-Bit Server VM"/>
    <property name="file.encoding.pkg" value="sun.io"/>
    <property name="user.script" value=""/>
    <property name="user.country" value="CO"/>
    <property name="sun.java.launcher" value="SUN_STANDARD"/>
    <property name="sun.os.patch.level" value=""/>
    <property name="java.vm.specification.name" value="Java Virtual Machine Specification"/>
    <property name="user.dir" value="D:\Mis documentos\co.com.proyectobase.screenplay (1)\co.com.proyectobase.screenplay"/>
    <property name="java.runtime.version" value="1.8.0_131-b11"/>
    <property name="java.awt.graphicsenv" value="sun.awt.Win32GraphicsEnvironment"/>
    <property name="java.endorsed.dirs" value="C:\Program Files\Java\jdk1.8.0_131\jre\lib\endorsed"/>
    <property name="os.arch" value="amd64"/>
    <property name="java.io.tmpdir" value="C:\Users\josorios\AppData\Local\Temp\"/>
    <property name="line.separator" value="&#10;"/>
    <property name="java.vm.specification.vendor" value="Oracle Corporation"/>
    <property name="user.variant" value=""/>
    <property name="os.name" value="Windows 10"/>
    <property name="classworlds.conf" value="D:\Marven\apache-maven-3.5.3\bin\..\bin\m2.conf"/>
    <property name="sun.jnu.encoding" value="Cp1252"/>
    <property name="java.library.path" value="C:\Program Files\Java\jdk1.8.0_131\bin;C:\WINDOWS\Sun\Java\bin;C:\WINDOWS\system32;C:\WINDOWS;C:/Program Files/Java/jre1.8.0_131/bin/server;C:/Program Files/Java/jre1.8.0_131/bin;C:/Program Files/Java/jre1.8.0_131/lib/amd64;C:\Program Files (x86)\Intel\iCLS Client\;D:\Marven\apache-maven-3.5.3\bin;C:\ProgramData\Oracle\Java\javapath;C:\Program Files\Intel\iCLS Client\;C:\WINDOWS\system32;C:\WINDOWS;C:\WINDOWS\System32\Wbem;C:\WINDOWS\System32\WindowsPowerShell\v1.0\;C:\Program Files (x86)\Attachmate\EXTRA!\;C:\Program Files (x86)\HP\Sprinter\bin;C:\Program Files (x86)\Microsoft SQL Server\Client SDK\ODBC\130\Tools\Binn\;C:\Program Files (x86)\Microsoft SQL Server\140\Tools\Binn\;C:\Program Files (x86)\Microsoft SQL Server\140\DTS\Binn\;C:\Program Files (x86)\Microsoft SQL Server\140\Tools\Binn\ManagementStudio\;C:\Program Files\Git\cmd;C:\Program Files (x86)\IBM\Client Access\Emulator;C:\Program Files (x86)\IBM\Client Access\Shared;C:\Program Files (x86)\IBM\Client Access\;C:\Program Files (x86)\HP\Unified Functional Testing\bin;C:\Program Files (x86)\Intel\Intel(R) Management Engine Components\DAL;C:\Program Files\Intel\Intel(R) Management Engine Components\DAL;C:\Program Files (x86)\Intel\Intel(R) Management Engine Components\IPT;C:\Program Files\Intel\Intel(R) Management Engine Components\IPT;C:\Users\josorios\Downloads\gradle-4.10-all\gradle-4.10\bin;C:\Users\josorios\AppData\Local\Microsoft\WindowsApps;C:\Users\josorios\Downloads\gradle-4.10-all\gradle-4.10\bin;;C:\Users\josorios\Desktop;;C:\Program Files (x86)\HP\Unified Functional Testing\\bin64;."/>
    <property name="maven.conf" value="D:\Marven\apache-maven-3.5.3\bin\../conf"/>
    <property name="java.specification.name" value="Java Platform API Specification"/>
    <property name="java.class.version" value="52.0"/>
    <property name="sun.management.compiler" value="HotSpot 64-Bit Tiered Compilers"/>
    <property name="os.version" value="10.0"/>
    <property name="library.jansi.path" value="D:\Marven\apache-maven-3.5.3\bin\..\lib\jansi-native"/>
    <property name="user.home" value="C:\Users\josorios"/>
    <property name="user.timezone" value="America/Bogota"/>
    <property name="java.awt.printerjob" value="sun.awt.windows.WPrinterJob"/>
    <property name="java.specification.version" value="1.8"/>
    <property name="file.encoding" value="Cp1252"/>
    <property name="user.name" value="josorios"/>
    <property name="java.class.path" value="D:\Marven\apache-maven-3.5.3\bin\..\boot\plexus-classworlds-2.5.2.jar"/>
    <property name="java.vm.specification.version" value="1.8"/>
    <property name="sun.arch.data.model" value="64"/>
    <property name="java.home" value="C:\Program Files\Java\jdk1.8.0_131\jre"/>
    <property name="sun.java.command" value="org.codehaus.plexus.classworlds.launcher.Launcher install"/>
    <property name="java.specification.vendor" value="Oracle Corporation"/>
    <property name="user.language" value="es"/>
    <property name="awt.toolkit" value="sun.awt.windows.WToolkit"/>
    <property name="java.vm.info" value="mixed mode"/>
    <property name="java.version" value="1.8.0_131"/>
    <property name="java.ext.dirs" value="C:\Program Files\Java\jdk1.8.0_131\jre\lib\ext;C:\WINDOWS\Sun\Java\lib\ext"/>
    <property name="sun.boot.class.path" value="C:\Program Files\Java\jdk1.8.0_131\jre\lib\resources.jar;C:\Program Files\Java\jdk1.8.0_131\jre\lib\rt.jar;C:\Program Files\Java\jdk1.8.0_131\jre\lib\sunrsasign.jar;C:\Program Files\Java\jdk1.8.0_131\jre\lib\jsse.jar;C:\Program Files\Java\jdk1.8.0_131\jre\lib\jce.jar;C:\Program Files\Java\jdk1.8.0_131\jre\lib\charsets.jar;C:\Program Files\Java\jdk1.8.0_131\jre\lib\jfr.jar;C:\Program Files\Java\jdk1.8.0_131\jre\classes;C:\Program Files (x86)\HP\Unified Functional Testing\bin\java_shared\classes;C:\Program Files (x86)\HP\Unified Functional Testing\bin\java_shared\classes\jasmine.jar"/>
    <property name="sun.stderr.encoding" value="cp850"/>
    <property name="java.vendor" value="Oracle Corporation"/>
    <property name="maven.home" value="D:\Marven\apache-maven-3.5.3\bin\.."/>
    <property name="file.separator" value="\"/>
    <property name="java.vendor.url.bug" value="http://bugreport.sun.com/bugreport/"/>
    <property name="sun.cpu.endian" value="little"/>
    <property name="sun.io.unicode.encoding" value="UnicodeLittle"/>
    <property name="sun.stdout.encoding" value="cp850"/>
    <property name="sun.desktop" value="windows"/>
    <property name="sun.cpu.isalist" value="amd64"/>
  </properties>
  <testcase name="initializationError" classname="co.com.proyectobase.screenplay.runners.RunnerTags" time="0.016">
    <error message="gherkin.ParserException$CompositeParserException: Parser errors:&#10;(4:2): expected: #TagLine, #FeatureLine, #Comment, #Empty, got &apos;Caracteristica:Traductor de Google&apos;&#10;(5:6): expected: #TagLine, #FeatureLine, #Comment, #Empty, got &apos;Como usuario&apos;&#10;(6:6): expected: #TagLine, #FeatureLine, #Comment, #Empty, got &apos;Quiero ingresar al traductor de Google&apos;&#10;(7:6): expected: #TagLine, #FeatureLine, #Comment, #Empty, got &apos;A Traducir palabras en diferentes lenguajes&apos;&#10;(9:3): expected: #TagLine, #FeatureLine, #Comment, #Empty, got &apos;Escenario: Traducir de Ingles a Español&apos;&#10;(10:4): expected: #TagLine, #FeatureLine, #Comment, #Empty, got &apos;Dado que Rafa quiere usar el Traductor de Google&apos;&#10;(11:4): expected: #TagLine, #FeatureLine, #Comment, #Empty, got &apos;Cuando el traduce la palabra table de Ingles a Español&apos;&#10;(12:5): expected: #TagLine, #FeatureLine, #Comment, #Empty, got &apos;Entonces el deberia ver la palabra mesa en la pantalla&apos;&#10;(16:0): unexpected end of file, expected: #TagLine, #FeatureLine, #Comment, #Empty" type="cucumber.runtime.CucumberException">cucumber.runtime.CucumberException: 
gherkin.ParserException$CompositeParserException: Parser errors:
(4:2): expected: #TagLine, #FeatureLine, #Comment, #Empty, got 'Caracteristica:Traductor de Google'
(5:6): expected: #TagLine, #FeatureLine, #Comment, #Empty, got 'Como usuario'
(6:6): expected: #TagLine, #FeatureLine, #Comment, #Empty, got 'Quiero ingresar al traductor de Google'
(7:6): expected: #TagLine, #FeatureLine, #Comment, #Empty, got 'A Traducir palabras en diferentes lenguajes'
(9:3): expected: #TagLine, #FeatureLine, #Comment, #Empty, got 'Escenario: Traducir de Ingles a Español'
(10:4): expected: #TagLine, #FeatureLine, #Comment, #Empty, got 'Dado que Rafa quiere usar el Traductor de Google'
(11:4): expected: #TagLine, #FeatureLine, #Comment, #Empty, got 'Cuando el traduce la palabra table de Ingles a Español'
(12:5): expected: #TagLine, #FeatureLine, #Comment, #Empty, got 'Entonces el deberia ver la palabra mesa en la pantalla'
(16:0): unexpected end of file, expected: #TagLine, #FeatureLine, #Comment, #Empty
Caused by: gherkin.ParserException$CompositeParserException: 
Parser errors:
(4:2): expected: #TagLine, #FeatureLine, #Comment, #Empty, got 'Caracteristica:Traductor de Google'
(5:6): expected: #TagLine, #FeatureLine, #Comment, #Empty, got 'Como usuario'
(6:6): expected: #TagLine, #FeatureLine, #Comment, #Empty, got 'Quiero ingresar al traductor de Google'
(7:6): expected: #TagLine, #FeatureLine, #Comment, #Empty, got 'A Traducir palabras en diferentes lenguajes'
(9:3): expected: #TagLine, #FeatureLine, #Comment, #Empty, got 'Escenario: Traducir de Ingles a Español'
(10:4): expected: #TagLine, #FeatureLine, #Comment, #Empty, got 'Dado que Rafa quiere usar el Traductor de Google'
(11:4): expected: #TagLine, #FeatureLine, #Comment, #Empty, got 'Cuando el traduce la palabra table de Ingles a Español'
(12:5): expected: #TagLine, #FeatureLine, #Comment, #Empty, got 'Entonces el deberia ver la palabra mesa en la pantalla'
(16:0): unexpected end of file, expected: #TagLine, #FeatureLine, #Comment, #Empty
</error>
  </testcase>
</testsuite>